2021-10-28 08:45:00.4646|0|INFO|Microsoft.Hosting.Lifetime|Application started. Press Ctrl+C to shut down. 
2021-10-28 08:45:00.7414|0|INFO|Microsoft.Hosting.Lifetime|Hosting environment: Development 
2021-10-28 08:45:01.1657|0|INFO|Microsoft.Hosting.Lifetime|Content root path: C:\Users\HP\source\felloeship\FundooNotes\FundooNotes 
2021-10-28 08:47:19.7306|0|INFO|Microsoft.Hosting.Lifetime|Application started. Press Ctrl+C to shut down. 
2021-10-28 08:47:19.8359|0|INFO|Microsoft.Hosting.Lifetime|Hosting environment: Development 
2021-10-28 08:47:19.8876|0|INFO|Microsoft.Hosting.Lifetime|Content root path: C:\Users\HP\source\felloeship\FundooNotes\FundooNotes 
2021-10-28 08:53:30.7802|0|INFO|Microsoft.Hosting.Lifetime|Application started. Press Ctrl+C to shut down. 
2021-10-28 08:53:30.9298|0|INFO|Microsoft.Hosting.Lifetime|Hosting environment: Development 
2021-10-28 08:53:30.9899|0|INFO|Microsoft.Hosting.Lifetime|Content root path: C:\Users\HP\source\felloeship\FundooNotes\FundooNotes 
2021-10-28 11:03:11.6749|0|INFO|Microsoft.Hosting.Lifetime|Application started. Press Ctrl+C to shut down. 
2021-10-28 11:03:11.8139|0|INFO|Microsoft.Hosting.Lifetime|Hosting environment: Development 
2021-10-28 11:03:11.8689|0|INFO|Microsoft.Hosting.Lifetime|Content root path: C:\Users\HP\source\felloeship\FundooNotes\FundooNotes 
2021-10-28 16:22:38.2465|0|INFO|Microsoft.Hosting.Lifetime|Application started. Press Ctrl+C to shut down. 
2021-10-28 16:22:38.5071|0|INFO|Microsoft.Hosting.Lifetime|Hosting environment: Development 
2021-10-28 16:22:38.8068|0|INFO|Microsoft.Hosting.Lifetime|Content root path: C:\Users\HP\source\felloeship\FundooNotes\FundooNotes 
2021-10-28 16:42:01.0448|0|INFO|FundooNotes.Controllers.UserController|Suma preethi is trying to register 
2021-10-28 16:42:01.8028|0|INFO|FundooNotes.Controllers.UserController|Suma preethi Registration Successful 
2021-10-28 17:15:38.7383|0|INFO|Microsoft.Hosting.Lifetime|Application started. Press Ctrl+C to shut down. 
2021-10-28 17:15:39.2292|0|INFO|Microsoft.Hosting.Lifetime|Hosting environment: Development 
2021-10-28 17:15:39.4957|0|INFO|Microsoft.Hosting.Lifetime|Content root path: C:\Users\HP\source\felloeship\FundooNotes\FundooNotes 
